<?xml version="1.0" encoding="utf-8" standalone="no"?>
<test-results xmlns:xsi="http://www.w3.org/2001/XMLSchema-instance" xsi:noNamespaceSchemaLocation="nunit_schema_2.5.xsd" name="Pester" total="12" errors="0" failures="10" not-run="0" inconclusive="0" ignored="0" skipped="0" invalid="0" date="2026-02-13" time="18:09:06">
  <environment user="Student" os-version="10.0.26200" clr-version="9.0.10" user-domain="DESKTOP-7MDKPVP" platform="Microsoft Windows 11 Pro N for Workstations|C:\WINDOWS|\Device\Harddisk0\Partition3" nunit-version="2.5.8.0" machine-name="DESKTOP-7MDKPVP" cwd="C:\dev\code-repos\Student_COM5411_Barmbuzz" />
  <culture-info current-culture="en-GB" current-uiculture="en-US" />
  <test-suite type="TestFixture" name="Pester" executed="True" result="Failure" success="False" time="1.209" asserts="0" description="Pester">
    <results>
      <test-suite type="TestFixture" name="C:\dev\code-repos\Student_COM5411_Barmbuzz\Tests\Pester\PreDCPromo.Tests.ps1" executed="True" result="Failure" success="False" time="1.209" asserts="0" description="C:\dev\code-repos\Student_COM5411_Barmbuzz\Tests\Pester\PreDCPromo.Tests.ps1">
        <results>
          <test-suite type="TestFixture" name="Pre-DC Readiness (Dual NIC) - localhost" executed="True" result="Failure" success="False" time="1.0415" asserts="0" description="Pre-DC Readiness (Dual NIC) - localhost">
            <results>
              <test-case description="Internal and NAT adapters exist" name="Pre-DC Readiness (Dual NIC) - localhost.Internal and NAT adapters exist" time="0.012" asserts="0" success="False" result="Failure" executed="True">
                <failure>
                  <message>Expected a value, because NAT/External network adapter 'Ethernet 2' not found!
HINT: Check your network adapter names with: Get-NetAdapter
Then update AllNodes.psd1:
  InterfaceAlias_NAT = 'YourActualAdapterName'
For Hyper-V VMs, you typically need two network adapters:
  - Internal: Static IP for AD/DNS
  - NAT/External: DHCP for internet access, but got $null or empty.</message>
                  <stack-trace>at $script:AdapterNat | Should -Not -BeNullOrEmpty -Because @", C:\dev\code-repos\Student_COM5411_Barmbuzz\Tests\Pester\PreDCPromo.Tests.ps1:127
at &lt;ScriptBlock&gt;, C:\dev\code-repos\Student_COM5411_Barmbuzz\Tests\Pester\PreDCPromo.Tests.ps1:128</stack-trace>
                </failure>
              </test-case>
              <test-case description="Internal NIC has static IPv4 (Manual prefix origin)" name="Pre-DC Readiness (Dual NIC) - localhost.Internal NIC has static IPv4 (Manual prefix origin)" time="0.033" asserts="0" success="False" result="Failure" executed="True">
                <failure>
                  <message>Expected 'Manual', because Internal NIC has DHCP instead of static IP!
  Current: Dhcp
  Required: Manual (static)
HINT: Use NetIPAddress resource (see above). DHCP is not suitable for a Domain Controller., but got Dhcp.</message>
                  <stack-trace>at ($script:IPInt.IPv4Address | Select-Object -First 1).PrefixOrigin | Should -Be 'Manual' -Because @", C:\dev\code-repos\Student_COM5411_Barmbuzz\Tests\Pester\PreDCPromo.Tests.ps1:152
at &lt;ScriptBlock&gt;, C:\dev\code-repos\Student_COM5411_Barmbuzz\Tests\Pester\PreDCPromo.Tests.ps1:154</stack-trace>
                </failure>
              </test-case>
              <test-case description="Internal NIC IPv4 address matches AllNodes" name="Pre-DC Readiness (Dual NIC) - localhost.Internal NIC IPv4 address matches AllNodes" time="0.0287" asserts="0" success="False" result="Failure" executed="True">
                <failure>
                  <message>Expected strings to be the same, because Internal NIC IP doesn't match configuration!
  Expected (from AllNodes.psd1): 192.168.99.10
  Actual (from system):          10.0.2.15
HINT: Update your NetIPAddress resource or fix the value in AllNodes.psd1, but they were different.
Expected length: 13
Actual length:   9
Strings differ at index 1.
Expected: '192.168.99.10'
But was:  '10.0.2.15'
           -^</message>
                  <stack-trace>at ($script:IPInt.IPv4Address | Select-Object -First 1).IPv4Address | Should -Be $script:IPv4Int -Because @", C:\dev\code-repos\Student_COM5411_Barmbuzz\Tests\Pester\PreDCPromo.Tests.ps1:162
at &lt;ScriptBlock&gt;, C:\dev\code-repos\Student_COM5411_Barmbuzz\Tests\Pester\PreDCPromo.Tests.ps1:165</stack-trace>
                </failure>
              </test-case>
              <test-case description="Internal NIC prefix length matches AllNodes" name="Pre-DC Readiness (Dual NIC) - localhost.Internal NIC prefix length matches AllNodes" time="0.0644" asserts="0" success="True" result="Success" executed="True" />
              <test-case description="Internal NIC has NO default gateway (single-gateway rule)" name="Pre-DC Readiness (Dual NIC) - localhost.Internal NIC has NO default gateway (single-gateway rule)" time="0.0056" asserts="0" success="False" result="Failure" executed="True">
                <failure>
                  <message>Expected $null or empty, because Internal NIC should NOT have a default gateway (dual-NIC routing rule)!
WHY: Only ONE NIC should have a gateway to avoid routing conflicts.
The NAT/External NIC handles internet routing.
HINT: Remove default gateway from internal adapter:
  Remove-NetRoute -InterfaceAlias 'Ethernet' -DestinationPrefix '0.0.0.0/0' -Confirm:$false
Or ensure your NetIPAddress resource doesn't set DefaultGateway for internal NIC., but got MSFT_NetRoute (InstanceID = ":8:8:8:9:55;:55;:8:8?8?55;").</message>
                  <stack-trace>at $script:IPInt.IPv4DefaultGateway | Should -BeNullOrEmpty -Because @", C:\dev\code-repos\Student_COM5411_Barmbuzz\Tests\Pester\PreDCPromo.Tests.ps1:182
at &lt;ScriptBlock&gt;, C:\dev\code-repos\Student_COM5411_Barmbuzz\Tests\Pester\PreDCPromo.Tests.ps1:189</stack-trace>
                </failure>
              </test-case>
              <test-case description="NAT NIC has a default gateway" name="Pre-DC Readiness (Dual NIC) - localhost.NAT NIC has a default gateway" time="0.003" asserts="0" success="False" result="Failure" executed="True">
                <failure>
                  <message>PropertyNotFoundException: The property 'IPv4DefaultGateway' cannot be found on this object. Verify that the property exists.</message>
                  <stack-trace>at &lt;ScriptBlock&gt;, C:\dev\code-repos\Student_COM5411_Barmbuzz\Tests\Pester\PreDCPromo.Tests.ps1:196</stack-trace>
                </failure>
              </test-case>
              <test-case description="Internal NIC DNS servers match AllNodes (order-insensitive)" name="Pre-DC Readiness (Dual NIC) - localhost.Internal NIC DNS servers match AllNodes (order-insensitive)" time="0.1203" asserts="0" success="False" result="Failure" executed="True">
                <failure>
                  <message>ParameterBindingException: Parameter set cannot be resolved using the specified named parameters. One or more parameters issued cannot be used together or an insufficient number of parameters were provided.</message>
                  <stack-trace>at &lt;ScriptBlock&gt;, C:\dev\code-repos\Student_COM5411_Barmbuzz\Tests\Pester\PreDCPromo.Tests.ps1:210</stack-trace>
                </failure>
              </test-case>
              <test-case description="NAT NIC does not register in DNS when DisableDnsRegistrationOnNat is true" name="Pre-DC Readiness (Dual NIC) - localhost.NAT NIC does not register in DNS when DisableDnsRegistrationOnNat is true" time="0.0037" asserts="0" success="False" result="Failure" executed="True">
                <failure>
                  <message>PropertyNotFoundException: The property 'RegisterThisConnectionsAddress' cannot be found on this object. Verify that the property exists.</message>
                  <stack-trace>at &lt;ScriptBlock&gt;, C:\dev\code-repos\Student_COM5411_Barmbuzz\Tests\Pester\PreDCPromo.Tests.ps1:223</stack-trace>
                </failure>
              </test-case>
              <test-case description="Internal NIC registers in DNS" name="Pre-DC Readiness (Dual NIC) - localhost.Internal NIC registers in DNS" time="0.0024" asserts="0" success="True" result="Success" executed="True" />
              <test-case description="NAT NIC is DHCP (when Expect_NAT_Dhcp is true)" name="Pre-DC Readiness (Dual NIC) - localhost.NAT NIC is DHCP (when Expect_NAT_Dhcp is true)" time="0.003" asserts="0" success="False" result="Failure" executed="True">
                <failure>
                  <message>PropertyNotFoundException: The property 'IPv4Address' cannot be found on this object. Verify that the property exists.</message>
                  <stack-trace>at &lt;ScriptBlock&gt;, C:\dev\code-repos\Student_COM5411_Barmbuzz\Tests\Pester\PreDCPromo.Tests.ps1:249</stack-trace>
                </failure>
              </test-case>
              <test-case description="AD-Domain-Services is installed when requested" name="Pre-DC Readiness (Dual NIC) - localhost.AD-Domain-Services is installed when requested" time="0.0027" asserts="0" success="False" result="Failure" executed="True">
                <failure>
                  <message>PropertyNotFoundException: The property 'Installed' cannot be found on this object. Verify that the property exists.</message>
                  <stack-trace>at &lt;ScriptBlock&gt;, C:\dev\code-repos\Student_COM5411_Barmbuzz\Tests\Pester\PreDCPromo.Tests.ps1:265</stack-trace>
                </failure>
              </test-case>
              <test-case description="RSAT-ADDS is installed when requested" name="Pre-DC Readiness (Dual NIC) - localhost.RSAT-ADDS is installed when requested" time="0.0029" asserts="0" success="False" result="Failure" executed="True">
                <failure>
                  <message>PropertyNotFoundException: The property 'Installed' cannot be found on this object. Verify that the property exists.</message>
                  <stack-trace>at &lt;ScriptBlock&gt;, C:\dev\code-repos\Student_COM5411_Barmbuzz\Tests\Pester\PreDCPromo.Tests.ps1:279</stack-trace>
                </failure>
              </test-case>
            </results>
          </test-suite>
        </results>
      </test-suite>
    </results>
  </test-suite>
</test-results>